

================================= 19-01-12 01:19:55 ======================================

Starting the process....



================================= 19-01-12 01:20:48 ======================================

Starting the process....



================================= 19-01-12 01:23:02 ======================================

Starting the process....

Device is connected...
Setting the audio stream
Recalculating the average
Audio clip recording started 1
Audio clip recording ended 1
Audio clip recording started 2
Audio clip recording ended 2
Recalculating the average
Audio clip recording started 3
Audio clip recording ended 3
Audio clip recording started 4
Audio clip recording ended 4
Recalculating the average
Audio clip recording started 5
Audio clip recording ended 5
Recalculating the average
Recalculating the average
Recalculating the average
Recalculating the average
Audio stream is closed  by KeyboardInterrupt
Last Audio clip recording ended 5

Ending the process....


================================ END ======================================



================================= 19-01-12 01:24:51 ======================================

Starting the process....

Device is connected...
Setting the audio stream
Audio clip recording started 1
Audio clip recording ended 1
Audio clip recording started 2
Audio clip recording ended 2
Creating a directory for  the new day....
Creating a directory for  the new day....
Last Audio clip recording ended 2

Ending the process....


================================ END ======================================



================================= 19-01-12 01:31:04 ======================================

Starting the process....

Device is connected...
Setting the audio stream
Audio clip recording started 1
Audio clip recording ended 1
Last Audio clip recording ended 1

Ending the process....


================================ END ======================================



================================= 19-01-12 01:44:41 ======================================

Starting the process....

Device is connected...
Setting the audio stream


================================= 19-01-12 01:50:27 ======================================

Starting the process....

Device is connected...
Setting the audio stream
Recalculating the average


================================= 19-01-12 01:52:10 ======================================

Starting the process....

Device is connected...
Setting the audio stream
Last Audio clip recording ended 1


================================= 19-01-12 01:52:49 ======================================

Starting the process....

Device is connected...
Setting the audio stream
Audio clip recording started 1
Last Audio clip recording ended 1


================================= 19-01-12 01:53:25 ======================================

Starting the process....

Device is connected...
Setting the audio stream
Audio clip recording started 1
Audio clip recording ended 1
Last Audio clip recording ended 1

Ending the process....


================================ END ======================================



================================= 19-01-12 01:55:03 ======================================

Starting the process....

Device is connected...
Setting the audio stream
Audio clip recording started 1
Audio clip recording ended 1
Last Audio clip recording ended 1

Ending the process....


================================ END ======================================



================================= 19-01-12 01:56:51 ======================================

Starting the process....

Device is connected...
Setting the audio stream
Audio clip recording started 1
Audio clip recording ended 1
Last Audio clip recording ended 1

Ending the process....


================================ END ======================================



================================= 19-01-12 01:57:53 ======================================

Starting the process....

Device is connected...
Setting the audio stream
Audio clip recording started 1
Audio clip recording ended 1
Last Audio clip recording ended 1

Ending the process....


================================ END ======================================



================================= 19-01-12 01:58:19 ======================================

Starting the process....

Device is connected...
Setting the audio stream
Audio clip recording started 1
Audio clip recording ended 1
Last Audio clip recording ended 1

Ending the process....


================================ END ======================================



================================= 19-01-12 01:58:22 ======================================



================================= 19-01-12 01:58:22 ======================================

Starting the process....

Starting the process....

Device is connected...
Device is connected...
Setting the audio stream
Setting the audio stream
Audio clip recording started 1
Audio clip recording started 1
Audio clip recording ended 1
Audio clip recording ended 1
Last Audio clip recording ended 1
Last Audio clip recording ended 1

Ending the process....

Ending the process....


================================ END ======================================



================================ END ======================================



================================= 19-01-12 01:58:28 ======================================



================================= 19-01-12 01:58:28 ======================================



================================= 19-01-12 01:58:28 ======================================

Starting the process....

Starting the process....

Starting the process....

Device is connected...
Device is connected...
Device is connected...
Setting the audio stream
Setting the audio stream
Setting the audio stream
Recalculating the average
Recalculating the average
Recalculating the average
Recalculating the average
Recalculating the average
Recalculating the average
Recalculating the average
Recalculating the average
Recalculating the average
Recalculating the average
Recalculating the average
Recalculating the average
Recalculating the average
Recalculating the average
Recalculating the average
Recalculating the average
Recalculating the average
Recalculating the average
Recalculating the average
Recalculating the average
Recalculating the average
Last Audio clip recording ended 0
Last Audio clip recording ended 0
Last Audio clip recording ended 0


================================= 19-01-12 02:00:25 ======================================

Starting the process....

Device is connected...
Setting the audio stream
Recalculating the average
Recalculating the average
Audio clip recording started 1
Audio clip recording ended 1
Last Audio clip recording ended 1

Ending the process....


================================ END ======================================



================================= 19-01-12 02:01:01 ======================================



================================= 19-01-12 02:01:01 ======================================

Starting the process....

Starting the process....

Device is connected...
Device is connected...
Setting the audio stream
Setting the audio stream
Recalculating the average
Recalculating the average
Recalculating the average
Recalculating the average
Last Audio clip recording ended 0
Last Audio clip recording ended 0


================================= 19-01-12 02:01:48 ======================================

Starting the process....

Device is connected...
Setting the audio stream
Audio clip recording started 1
Audio clip recording ended 1
Last Audio clip recording ended 1

Ending the process....


================================ END ======================================



================================= 19-01-12 02:01:52 ======================================



================================= 19-01-12 02:01:52 ======================================

Starting the process....

Starting the process....

Device is connected...
Device is connected...
Setting the audio stream
Setting the audio stream
Recalculating the average
Recalculating the average
Audio clip recording started 1
Audio clip recording started 1
Audio clip recording ended 1
Audio clip recording ended 1
Last Audio clip recording ended 1
Last Audio clip recording ended 1

Ending the process....

Ending the process....


================================ END ======================================



================================ END ======================================



================================= 19-01-12 02:02:00 ======================================



================================= 19-01-12 02:02:00 ======================================



================================= 19-01-12 02:02:00 ======================================

Starting the process....

Starting the process....

Starting the process....

Device is connected...
Device is connected...
Device is connected...
Setting the audio stream
Setting the audio stream
Setting the audio stream
Recalculating the average
Recalculating the average
Recalculating the average
Recalculating the average
Recalculating the average
Recalculating the average
Audio clip recording started 1
Audio clip recording started 1
Audio clip recording started 1
Audio clip recording ended 1
Audio clip recording ended 1
Audio clip recording ended 1
Last Audio clip recording ended 1
Last Audio clip recording ended 1
Last Audio clip recording ended 1

Ending the process....

Ending the process....

Ending the process....


================================ END ======================================



================================ END ======================================



================================ END ======================================



================================= 19-01-12 02:02:13 ======================================



================================= 19-01-12 02:02:13 ======================================



================================= 19-01-12 02:02:13 ======================================



================================= 19-01-12 02:02:13 ======================================

Starting the process....

Starting the process....

Starting the process....

Starting the process....

Device is connected...
Device is connected...
Device is connected...
Device is connected...
Setting the audio stream
Setting the audio stream
Setting the audio stream
Setting the audio stream
Recalculating the average
Recalculating the average
Recalculating the average
Recalculating the average
Audio clip recording started 1
Audio clip recording started 1
Audio clip recording started 1
Audio clip recording started 1
Audio clip recording ended 1
Audio clip recording ended 1
Audio clip recording ended 1
Audio clip recording ended 1
Last Audio clip recording ended 1
Last Audio clip recording ended 1
Last Audio clip recording ended 1
Last Audio clip recording ended 1

Ending the process....

Ending the process....

Ending the process....

Ending the process....


================================ END ======================================



================================ END ======================================



================================ END ======================================



================================ END ======================================



================================= 19-01-12 02:02:20 ======================================



================================= 19-01-12 02:02:20 ======================================



================================= 19-01-12 02:02:20 ======================================



================================= 19-01-12 02:02:20 ======================================



================================= 19-01-12 02:02:20 ======================================

Starting the process....

Starting the process....

Starting the process....

Starting the process....

Starting the process....

Device is connected...
Device is connected...
Device is connected...
Device is connected...
Device is connected...
Setting the audio stream
Setting the audio stream
Setting the audio stream
Setting the audio stream
Setting the audio stream
Recalculating the average
Recalculating the average
Recalculating the average
Recalculating the average
Recalculating the average
Last Audio clip recording ended 0
Last Audio clip recording ended 0
Last Audio clip recording ended 0
Last Audio clip recording ended 0
Last Audio clip recording ended 0


================================= 19-01-12 02:04:02 ======================================

Starting the process....

Device is connected...
Setting the audio stream
Audio clip recording started 1
Audio clip recording ended 1
Last Audio clip recording ended 1

Ending the process....


================================ END ======================================



================================= 19-01-12 02:04:06 ======================================



================================= 19-01-12 02:04:06 ======================================

Starting the process....

Starting the process....

Device is connected...
Device is connected...
Setting the audio stream
Setting the audio stream
Recalculating the average
Recalculating the average
Audio clip recording started 1
Audio clip recording started 1
Audio clip recording ended 1
Audio clip recording ended 1
Audio clip recording started 2
Audio clip recording started 2
Audio clip recording ended 2
Audio clip recording ended 2
Last Audio clip recording ended 2
Last Audio clip recording ended 2

Ending the process....

Ending the process....


================================ END ======================================



================================ END ======================================



================================= 19-01-12 02:04:17 ======================================



================================= 19-01-12 02:04:17 ======================================



================================= 19-01-12 02:04:17 ======================================

Starting the process....

Starting the process....

Starting the process....

Device is connected...
Device is connected...
Device is connected...
Setting the audio stream
Setting the audio stream
Setting the audio stream
Recalculating the average
Recalculating the average
Recalculating the average
Recalculating the average
Recalculating the average
Recalculating the average
Audio clip recording started 1
Audio clip recording started 1
Audio clip recording started 1
Audio clip recording ended 1
Audio clip recording ended 1
Audio clip recording ended 1
Last Audio clip recording ended 1
Last Audio clip recording ended 1
Last Audio clip recording ended 1

Ending the process....

Ending the process....

Ending the process....


================================ END ======================================



================================ END ======================================



================================ END ======================================



================================= 19-01-12 02:06:29 ======================================

Starting the process....

Device is connected...
Setting the audio stream
Audio clip recording started 1
Audio clip recording ended 1
Last Audio clip recording ended 1

Ending the process....


================================ END ======================================



================================= 19-01-12 02:09:18 ======================================

Starting the process....

Device is connected...
Setting the audio stream
Audio clip recording started 1
Audio clip recording ended 1
Last Audio clip recording ended 1

Ending the process....


================================ END ======================================



================================= 19-01-12 02:12:50 ======================================

Starting the process....

Device is connected...
Setting the audio stream
Audio clip recording started 1
Audio clip recording ended 1
Audio clip recording started 2
Audio clip recording ended 2
Last Audio clip recording ended 2

Ending the process....


================================ END ======================================



================================= 19-01-12 02:13:05 ======================================



================================= 19-01-12 02:13:05 ======================================

Starting the process....

Starting the process....

Device is connected...
Device is connected...
Setting the audio stream
Setting the audio stream
Recalculating the average
Recalculating the average
Recalculating the average
Recalculating the average
Recalculating the average
Recalculating the average
Audio clip recording started 1
Audio clip recording started 1
Audio clip recording ended 1
Audio clip recording ended 1
Last Audio clip recording ended 1
Last Audio clip recording ended 1

Ending the process....

Ending the process....


================================ END ======================================



================================ END ======================================



================================= 19-01-12 02:15:23 ======================================

Starting the process....

Device is connected...
Setting the audio stream
Audio clip recording started 1
Audio clip recording ended 1
Last Audio clip recording ended 1

Ending the process....


================================ END ======================================



================================= 19-01-12 02:15:38 ======================================



================================= 19-01-12 02:15:38 ======================================

Starting the process....

Starting the process....

Device is connected...
Device is connected...
Setting the audio stream
Setting the audio stream
Audio clip recording started 1
Audio clip recording started 1
Audio clip recording ended 1
Audio clip recording ended 1
Last Audio clip recording ended 1
Last Audio clip recording ended 1

Ending the process....

Ending the process....


================================ END ======================================



================================ END ======================================



================================= 19-01-12 02:15:49 ======================================



================================= 19-01-12 02:15:49 ======================================



================================= 19-01-12 02:15:49 ======================================

Starting the process....

Starting the process....

Starting the process....

Device is connected...
Device is connected...
Device is connected...
Setting the audio stream
Setting the audio stream
Setting the audio stream
Audio clip recording started 1
Audio clip recording started 1
Audio clip recording started 1
Audio clip recording ended 1
Audio clip recording ended 1
Audio clip recording ended 1
Audio clip recording started 2
Audio clip recording started 2
Audio clip recording started 2
Audio clip recording ended 2
Audio clip recording ended 2
Audio clip recording ended 2
Audio clip recording started 3
Audio clip recording started 3
Audio clip recording started 3
Audio clip recording ended 3
Audio clip recording ended 3
Audio clip recording ended 3
Last Audio clip recording ended 3
Last Audio clip recording ended 3
Last Audio clip recording ended 3

Ending the process....

Ending the process....

Ending the process....


================================ END ======================================



================================ END ======================================



================================ END ======================================



================================= 19-01-12 02:16:03 ======================================



================================= 19-01-12 02:16:03 ======================================



================================= 19-01-12 02:16:03 ======================================



================================= 19-01-12 02:16:03 ======================================

Starting the process....

Starting the process....

Starting the process....

Starting the process....

Device is connected...
Device is connected...
Device is connected...
Device is connected...
Setting the audio stream
Setting the audio stream
Setting the audio stream
Setting the audio stream
Recalculating the average
Recalculating the average
Recalculating the average
Recalculating the average
Audio clip recording started 1
Audio clip recording started 1
Audio clip recording started 1
Audio clip recording started 1
Audio clip recording ended 1
Audio clip recording ended 1
Audio clip recording ended 1
Audio clip recording ended 1
Audio clip recording started 2
Audio clip recording started 2
Audio clip recording started 2
Audio clip recording started 2
Audio clip recording ended 2
Audio clip recording ended 2
Audio clip recording ended 2
Audio clip recording ended 2
Last Audio clip recording ended 2
Last Audio clip recording ended 2
Last Audio clip recording ended 2
Last Audio clip recording ended 2

Ending the process....

Ending the process....

Ending the process....

Ending the process....


================================ END ======================================



================================ END ======================================



================================ END ======================================



================================ END ======================================



================================= 19-01-12 02:21:18 ======================================

Starting the process....

Device is connected...
Setting the audio stream
Audio clip recording started 1
Audio clip recording ended 1
Last Audio clip recording ended 1

Ending the process....


================================ END ======================================



================================= 19-01-12 02:21:28 ======================================



================================= 19-01-12 02:21:28 ======================================

Starting the process....

Starting the process....

Device is connected...
Device is connected...
Setting the audio stream
Setting the audio stream
Audio clip recording started 1
Audio clip recording started 1
Audio clip recording ended 1
Audio clip recording ended 1
Last Audio clip recording ended 1
Last Audio clip recording ended 1

Ending the process....

Ending the process....


================================ END ======================================



================================ END ======================================



================================= 19-01-12 02:25:17 ======================================

Starting the process....

Device is connected...
Setting the audio stream
Audio clip recording started 1
Audio clip recording ended 1
Last Audio clip recording ended 1

Ending the process....


================================ END ======================================



================================= 19-01-12 02:26:00 ======================================



================================= 19-01-12 02:26:00 ======================================

Starting the process....

Starting the process....

Device is connected...
Device is connected...
Setting the audio stream
Setting the audio stream
Audio clip recording started 1
Audio clip recording started 1
Audio clip recording ended 1
Audio clip recording ended 1
Last Audio clip recording ended 1
Last Audio clip recording ended 1

Ending the process....

Ending the process....


================================ END ======================================



================================ END ======================================



================================= 19-01-12 02:26:08 ======================================



================================= 19-01-12 02:26:08 ======================================



================================= 19-01-12 02:26:08 ======================================

Starting the process....

Starting the process....

Starting the process....

Device is connected...
Device is connected...
Device is connected...
Setting the audio stream
Setting the audio stream
Setting the audio stream
Audio clip recording started 1
Audio clip recording started 1
Audio clip recording started 1
Audio clip recording ended 1
Audio clip recording ended 1
Audio clip recording ended 1
Last Audio clip recording ended 1
Last Audio clip recording ended 1
Last Audio clip recording ended 1

Ending the process....

Ending the process....

Ending the process....


================================ END ======================================



================================ END ======================================



================================ END ======================================



================================= 19-01-12 02:29:31 ======================================

Starting the process....

Device is connected...
Setting the audio stream
Recalculating the average
Last Audio clip recording ended 0

Ending the process....


================================ END ======================================



================================= 19-01-12 02:32:42 ======================================

Starting the process....

Device is connected...
Setting the audio stream
Last Audio clip recording ended 0

Ending the process....


================================ END ======================================



================================= 19-01-12 02:36:24 ======================================

Starting the process....

Device is connected...
Setting the audio stream
Last Audio clip recording ended 0

Ending the process....


================================ END ======================================



================================= 19-01-12 02:36:39 ======================================



================================= 19-01-12 02:36:39 ======================================

Starting the process....

Starting the process....

Device is connected...
Device is connected...
Setting the audio stream
Setting the audio stream
Recalculating the average
Recalculating the average
Last Audio clip recording ended 0
Last Audio clip recording ended 0

Ending the process....

Ending the process....


================================ END ======================================



================================ END ======================================



================================= 19-01-12 02:36:51 ======================================



================================= 19-01-12 02:36:51 ======================================



================================= 19-01-12 02:36:51 ======================================

Starting the process....

Starting the process....

Starting the process....

Device is connected...
Device is connected...
Device is connected...
Setting the audio stream
Setting the audio stream
Setting the audio stream
Audio clip recording started 1
Audio clip recording started 1
Audio clip recording started 1
Audio clip recording ended 1
Audio clip recording ended 1
Audio clip recording ended 1
Last Audio clip recording ended 1
Last Audio clip recording ended 1
Last Audio clip recording ended 1

Ending the process....

Ending the process....

Ending the process....


================================ END ======================================



================================ END ======================================



================================ END ======================================



================================= 19-01-12 23:46:49 ======================================

Starting the process....

Device is connected...
Setting the audio stream
Recalculating the average
Recalculating the average
Last Audio clip recording ended 0

Ending the process....


================================ END ======================================



================================= 19-01-15 01:32:10 ======================================

Starting the process....

Device is connected...
Setting the audio stream
Recalculating the average
Audio clip recording started 1
Audio clip recording ended 1
Recalculating the average
Audio clip recording started 2
Audio clip recording ended 2
Creating a directory for  the new day....
Creating a directory for  the new day....
Last Audio clip recording ended 2

Ending the process....


================================ END ======================================

